app/build/intermediates/manifest_merge_blame_file/release/manifest-merger-blame-release-report.txt
1<?xml version="1.0" encoding="utf-8"?>
2<!--
3    Copyright (C) 2015 The Android Open Source Project
4
5    Licensed under the Apache License, Version 2.0 (the "License");
6    you may not use this file except in compliance with the License.
7    You may obtain a copy of the License at
8
9         http://www.apache.org/licenses/LICENSE-2.0
10
11    Unless required by applicable law or agreed to in writing, software
12    distributed under the License is distributed on an "AS IS" BASIS,
13    WITHOUT WARRANTIES OR CONDITIONS OF ANY KIND, either express or implied.
14    See the License for the specific language governing permissions and
15    limitations under the License.
16-->
17<manifest xmlns:android="http://schemas.android.com/apk/res/android"
18    package="com.android.messaging.md3"
19    android:installLocation="internalOnly"
20    android:versionCode="10000"
21    android:versionName="1.0.0-aosp-06221916-debug" >
22
23    <uses-sdk
24        android:minSdkVersion="21"
24-->src\main\AndroidManifest.xml
25        android:targetSdkVersion="31" />
25-->src\main\AndroidManifest.xml
26
27    <!-- Application holds CPU wakelock while working in background -->
28    <uses-permission android:name="android.permission.WAKE_LOCK" />
28-->src\main\AndroidManifest.xml:23:5-68
28-->src\main\AndroidManifest.xml:23:22-65
29    <!-- Application needs SMS/MMS permissions -->
30    <uses-permission android:name="android.permission.READ_SMS" />
30-->src\main\AndroidManifest.xml:25:5-66
30-->src\main\AndroidManifest.xml:25:22-64
31    <uses-permission android:name="android.permission.WRITE_SMS" />
31-->src\main\AndroidManifest.xml:26:5-67
31-->src\main\AndroidManifest.xml:26:22-65
32    <uses-permission android:name="android.permission.RECEIVE_SMS" />
32-->src\main\AndroidManifest.xml:27:5-69
32-->src\main\AndroidManifest.xml:27:22-67
33    <uses-permission android:name="android.permission.RECEIVE_MMS" />
33-->src\main\AndroidManifest.xml:28:5-69
33-->src\main\AndroidManifest.xml:28:22-67
34    <uses-permission android:name="android.permission.SEND_SMS" />
34-->src\main\AndroidManifest.xml:29:5-66
34-->src\main\AndroidManifest.xml:29:22-64
35    <!-- Application needs access to MMS network -->
36    <uses-permission android:name="android.permission.INTERNET" />
36-->src\main\AndroidManifest.xml:31:5-67
36-->src\main\AndroidManifest.xml:31:22-64
37    <uses-permission android:name="android.permission.ACCESS_NETWORK_STATE" />
37-->src\main\AndroidManifest.xml:32:5-78
37-->src\main\AndroidManifest.xml:32:22-76
38    <uses-permission android:name="android.permission.CHANGE_NETWORK_STATE" />
38-->src\main\AndroidManifest.xml:33:5-79
38-->src\main\AndroidManifest.xml:33:22-76
39    <!-- Application needs CONTACT permissions -->
40    <uses-permission android:name="android.permission.READ_CONTACTS" />
40-->src\main\AndroidManifest.xml:35:5-71
40-->src\main\AndroidManifest.xml:35:22-69
41    <uses-permission android:name="android.permission.WRITE_CONTACTS" />
41-->src\main\AndroidManifest.xml:36:5-72
41-->src\main\AndroidManifest.xml:36:22-70
42    <!-- Application needs to read profiles for the user itself from CP2 -->
43    <uses-permission android:name="android.permission.READ_PROFILE" />
43-->src\main\AndroidManifest.xml:38:5-70
43-->src\main\AndroidManifest.xml:38:22-68
44    <uses-permission android:name="android.permission.VIBRATE" />
44-->src\main\AndroidManifest.xml:39:5-65
44-->src\main\AndroidManifest.xml:39:22-63
45    <uses-permission android:name="android.permission.READ_PHONE_STATE" />
45-->src\main\AndroidManifest.xml:40:5-74
45-->src\main\AndroidManifest.xml:40:22-72
46    <uses-permission android:name="android.permission.CAMERA" />
46-->src\main\AndroidManifest.xml:42:5-65
46-->src\main\AndroidManifest.xml:42:22-62
47    <uses-permission android:name="android.permission.WRITE_EXTERNAL_STORAGE" />
47-->src\main\AndroidManifest.xml:43:5-80
47-->src\main\AndroidManifest.xml:43:22-78
48    <uses-permission android:name="android.permission.READ_EXTERNAL_STORAGE" />
48-->src\main\AndroidManifest.xml:44:5-79
48-->src\main\AndroidManifest.xml:44:22-77
49    <uses-permission android:name="android.permission.RECORD_AUDIO" />
49-->src\main\AndroidManifest.xml:45:5-71
49-->src\main\AndroidManifest.xml:45:22-68
50    <uses-permission android:name="android.permission.CALL_PHONE" />
50-->src\main\AndroidManifest.xml:46:5-69
50-->src\main\AndroidManifest.xml:46:22-66
51    <uses-permission android:name="android.permission.DOWNLOAD_WITHOUT_NOTIFICATION" />
51-->src\main\AndroidManifest.xml:47:5-88
51-->src\main\AndroidManifest.xml:47:22-85
52    <uses-permission android:name="android.permission.RECEIVE_BOOT_COMPLETED" />
52-->src\main\AndroidManifest.xml:48:5-81
52-->src\main\AndroidManifest.xml:48:22-78
53
54    <!-- Optional features -->
55    <uses-feature
55-->src\main\AndroidManifest.xml:51:5-85
56        android:name="android.hardware.camera"
56-->src\main\AndroidManifest.xml:51:19-57
57        android:required="false" />
57-->src\main\AndroidManifest.xml:51:58-82
58    <uses-feature
58-->src\main\AndroidManifest.xml:52:5-91
59        android:name="android.hardware.camera.front"
59-->src\main\AndroidManifest.xml:52:19-63
60        android:required="false" />
60-->src\main\AndroidManifest.xml:52:64-88
61    <uses-feature
61-->src\main\AndroidManifest.xml:53:5-95
62        android:name="android.hardware.camera.autofocus"
62-->src\main\AndroidManifest.xml:53:19-67
63        android:required="false" />
63-->src\main\AndroidManifest.xml:53:68-92
64    <uses-feature
64-->src\main\AndroidManifest.xml:54:5-89
65        android:name="android.hardware.microphone"
65-->src\main\AndroidManifest.xml:54:19-61
66        android:required="false" />
66-->src\main\AndroidManifest.xml:54:62-86
67    <uses-feature
67-->src\main\AndroidManifest.xml:55:5-94
68        android:name="android.hardware.screen.portrait"
68-->src\main\AndroidManifest.xml:55:19-66
69        android:required="false" />
69-->src\main\AndroidManifest.xml:55:67-91
70
71    <application
71-->src\main\AndroidManifest.xml:57:5-549:19
72        android:name="com.android.messaging.md3.BugleApplication"
72-->src\main\AndroidManifest.xml:58:9-66
73        android:allowBackup="false"
73-->src\main\AndroidManifest.xml:59:9-36
74        android:appComponentFactory="androidx.core.app.CoreComponentFactory"
74-->[androidx.core:core:1.8.0] AndroidManifest.xml:24:18-86
75        android:icon="@drawable/ic_launcher"
75-->src\main\AndroidManifest.xml:60:9-45
76        android:label="@string/app_name"
76-->src\main\AndroidManifest.xml:61:9-41
77        android:supportsRtl="true"
77-->src\main\AndroidManifest.xml:63:9-35
78        android:theme="@style/BugleTheme" >
78-->src\main\AndroidManifest.xml:62:9-42
79
80        <!-- Displays a list of conversations -->
81        <activity
81-->src\main\AndroidManifest.xml:66:9-79:20
82            android:name="com.android.messaging.md3.ui.conversationlist.ConversationListActivity"
82-->src\main\AndroidManifest.xml:67:13-73
83            android:configChanges="orientation|screenSize|keyboardHidden"
83-->src\main\AndroidManifest.xml:68:13-74
84            android:exported="true"
84-->src\main\AndroidManifest.xml:71:13-36
85            android:label="@string/app_name"
85-->src\main\AndroidManifest.xml:70:13-45
86            android:screenOrientation="user"
86-->src\main\AndroidManifest.xml:69:13-45
87            android:theme="@style/BugleTheme.ConversationListActivity" >
87-->src\main\AndroidManifest.xml:72:13-71
88            <intent-filter>
88-->src\main\AndroidManifest.xml:73:13-78:29
89                <action android:name="android.intent.action.MAIN" />
89-->src\main\AndroidManifest.xml:74:17-69
89-->src\main\AndroidManifest.xml:74:25-66
90
91                <category android:name="android.intent.category.LAUNCHER" />
91-->src\main\AndroidManifest.xml:75:17-77
91-->src\main\AndroidManifest.xml:75:27-74
92                <category android:name="android.intent.category.DEFAULT" />
92-->src\main\AndroidManifest.xml:76:17-76
92-->src\main\AndroidManifest.xml:76:27-73
93                <category android:name="android.intent.category.APP_MESSAGING" />
93-->src\main\AndroidManifest.xml:77:17-82
93-->src\main\AndroidManifest.xml:77:27-79
94            </intent-filter>
95        </activity>
96        <activity
96-->src\main\AndroidManifest.xml:81:9-84:77
97            android:name="com.android.messaging.md3.ui.PermissionCheckActivity"
97-->src\main\AndroidManifest.xml:82:13-55
98            android:configChanges="orientation|screenSize|keyboardHidden"
98-->src\main\AndroidManifest.xml:84:13-74
99            android:screenOrientation="portrait" />
99-->src\main\AndroidManifest.xml:83:13-49
100        <activity
100-->src\main\AndroidManifest.xml:86:9-89:77
101            android:name="com.android.messaging.md3.ui.MiuiPermissionGrantActivity"
101-->src\main\AndroidManifest.xml:87:13-59
102            android:configChanges="orientation|screenSize|keyboardHidden"
102-->src\main\AndroidManifest.xml:89:13-74
103            android:screenOrientation="portrait" />
103-->src\main\AndroidManifest.xml:88:13-49
104
105        <!-- Launches a conversation (ensures correct app name shown in recents) -->
106        <activity
106-->src\main\AndroidManifest.xml:92:9-110:20
107            android:name="com.android.messaging.md3.ui.conversation.LaunchConversationActivity"
107-->src\main\AndroidManifest.xml:93:13-71
108            android:configChanges="orientation|screenSize|keyboardHidden"
108-->src\main\AndroidManifest.xml:94:13-74
109            android:documentLaunchMode="always"
109-->src\main\AndroidManifest.xml:99:13-48
110            android:exported="true"
110-->src\main\AndroidManifest.xml:98:13-36
111            android:noHistory="true"
111-->src\main\AndroidManifest.xml:97:13-37
112            android:screenOrientation="user"
112-->src\main\AndroidManifest.xml:95:13-45
113            android:theme="@style/Invisible" >
113-->src\main\AndroidManifest.xml:96:13-45
114            <intent-filter>
114-->src\main\AndroidManifest.xml:100:13-109:29
115                <action android:name="android.intent.action.VIEW" />
115-->src\main\AndroidManifest.xml:101:17-69
115-->src\main\AndroidManifest.xml:101:25-66
116                <action android:name="android.intent.action.SENDTO" />
116-->src\main\AndroidManifest.xml:102:17-71
116-->src\main\AndroidManifest.xml:102:25-68
117
118                <category android:name="android.intent.category.DEFAULT" />
118-->src\main\AndroidManifest.xml:76:17-76
118-->src\main\AndroidManifest.xml:76:27-73
119                <category android:name="android.intent.category.BROWSABLE" />
119-->src\main\AndroidManifest.xml:104:17-78
119-->src\main\AndroidManifest.xml:104:27-75
120
121                <data android:scheme="sms" />
121-->src\main\AndroidManifest.xml:105:17-46
121-->src\main\AndroidManifest.xml:105:23-43
122                <data android:scheme="smsto" />
122-->src\main\AndroidManifest.xml:105:17-46
122-->src\main\AndroidManifest.xml:105:23-43
123                <data android:scheme="mms" />
123-->src\main\AndroidManifest.xml:105:17-46
123-->src\main\AndroidManifest.xml:105:23-43
124                <data android:scheme="mmsto" />
124-->src\main\AndroidManifest.xml:105:17-46
124-->src\main\AndroidManifest.xml:105:23-43
125            </intent-filter>
126        </activity>
127
128        <!-- Displays a list of archived conversations -->
129        <activity
129-->src\main\AndroidManifest.xml:113:9-123:20
130            android:name="com.android.messaging.md3.ui.conversationlist.ArchivedConversationListActivity"
130-->src\main\AndroidManifest.xml:114:13-81
131            android:configChanges="orientation|screenSize|keyboardHidden"
131-->src\main\AndroidManifest.xml:115:13-74
132            android:label="@string/archived_activity_title"
132-->src\main\AndroidManifest.xml:117:13-60
133            android:parentActivityName="com.android.messaging.md3.ui.conversationlist.ConversationListActivity"
133-->src\main\AndroidManifest.xml:119:13-87
134            android:screenOrientation="user"
134-->src\main\AndroidManifest.xml:116:13-45
135            android:theme="@style/BugleTheme.ArchivedConversationListActivity" >
135-->src\main\AndroidManifest.xml:118:13-79
136            <meta-data
136-->src\main\AndroidManifest.xml:120:13-122:81
137                android:name="android.support.PARENT_ACTIVITY"
137-->src\main\AndroidManifest.xml:121:17-63
138                android:value=".ui.conversationlist.ConversationListActivity" />
138-->src\main\AndroidManifest.xml:122:17-78
139        </activity>
140
141        <!-- Displays the contents of a single conversation -->
142        <activity
142-->src\main\AndroidManifest.xml:126:9-136:20
143            android:name="com.android.messaging.md3.ui.conversation.ConversationActivity"
143-->src\main\AndroidManifest.xml:127:13-65
144            android:configChanges="orientation|screenSize|keyboardHidden"
144-->src\main\AndroidManifest.xml:128:13-74
145            android:parentActivityName="com.android.messaging.md3.ui.conversationlist.ConversationListActivity"
145-->src\main\AndroidManifest.xml:132:13-87
146            android:screenOrientation="user"
146-->src\main\AndroidManifest.xml:129:13-45
147            android:theme="@style/BugleTheme.ConversationActivity"
147-->src\main\AndroidManifest.xml:131:13-67
148            android:windowSoftInputMode="stateHidden|adjustResize" >
148-->src\main\AndroidManifest.xml:130:13-67
149            <meta-data
149-->src\main\AndroidManifest.xml:120:13-122:81
150                android:name="android.support.PARENT_ACTIVITY"
150-->src\main\AndroidManifest.xml:121:17-63
151                android:value=".ui.conversationlist.ConversationListActivity" />
151-->src\main\AndroidManifest.xml:122:17-78
152        </activity>
153
154        <!-- Blocked Participants -->
155        <activity
155-->src\main\AndroidManifest.xml:139:9-149:20
156            android:name="com.android.messaging.md3.ui.BlockedParticipantsActivity"
156-->src\main\AndroidManifest.xml:140:13-59
157            android:configChanges="orientation|screenSize|keyboardHidden"
157-->src\main\AndroidManifest.xml:141:13-74
158            android:label="@string/blocked_contacts_title"
158-->src\main\AndroidManifest.xml:143:13-59
159            android:parentActivityName="com.android.messaging.md3.ui.conversationlist.ConversationListActivity"
159-->src\main\AndroidManifest.xml:145:13-87
160            android:screenOrientation="user"
160-->src\main\AndroidManifest.xml:142:13-45
161            android:theme="@style/BugleTheme" >
161-->src\main\AndroidManifest.xml:144:13-46
162            <meta-data
162-->src\main\AndroidManifest.xml:120:13-122:81
163                android:name="android.support.PARENT_ACTIVITY"
163-->src\main\AndroidManifest.xml:121:17-63
164                android:value=".ui.conversationlist.ConversationListActivity" />
164-->src\main\AndroidManifest.xml:122:17-78
165        </activity>
166
167        <!-- Full-screen photo viewer -->
168        <activity
168-->src\main\AndroidManifest.xml:152:9-158:11
169            android:name="com.android.messaging.md3.ui.photoviewer.BuglePhotoViewActivity"
169-->src\main\AndroidManifest.xml:153:13-66
170            android:configChanges="orientation|screenSize|keyboardHidden"
170-->src\main\AndroidManifest.xml:155:13-74
171            android:label="@string/photo_view_activity_title"
171-->src\main\AndroidManifest.xml:154:13-62
172            android:screenOrientation="user"
172-->src\main\AndroidManifest.xml:156:13-45
173            android:theme="@style/BuglePhotoViewTheme" />
173-->src\main\AndroidManifest.xml:157:13-55
174
175        <!-- Settings -->
176        <activity
176-->src\main\AndroidManifest.xml:161:9-171:20
177            android:name="com.android.messaging.md3.ui.appsettings.SettingsActivity"
177-->src\main\AndroidManifest.xml:162:13-60
178            android:configChanges="orientation|screenSize|keyboardHidden"
178-->src\main\AndroidManifest.xml:165:13-74
179            android:label="@string/settings_activity_title"
179-->src\main\AndroidManifest.xml:163:13-60
180            android:parentActivityName="com.android.messaging.md3.ui.conversationlist.ConversationListActivity"
180-->src\main\AndroidManifest.xml:167:13-87
181            android:screenOrientation="user"
181-->src\main\AndroidManifest.xml:166:13-45
182            android:theme="@style/BugleTheme.SettingsActivity" >
182-->src\main\AndroidManifest.xml:164:13-63
183            <meta-data
183-->src\main\AndroidManifest.xml:120:13-122:81
184                android:name="android.support.PARENT_ACTIVITY"
184-->src\main\AndroidManifest.xml:121:17-63
185                android:value=".ui.conversationlist.ConversationListActivity" />
185-->src\main\AndroidManifest.xml:122:17-78
186        </activity>
187        <activity
187-->src\main\AndroidManifest.xml:173:9-183:20
188            android:name="com.android.messaging.md3.ui.appsettings.CaptchaKeywordsSettingsActivity"
188-->src\main\AndroidManifest.xml:174:13-75
189            android:configChanges="orientation|screenSize|keyboardHidden"
189-->src\main\AndroidManifest.xml:177:13-74
190            android:exported="true"
190-->src\main\AndroidManifest.xml:179:13-36
191            android:label="@string/captcha_keywords_title"
191-->src\main\AndroidManifest.xml:175:13-59
192            android:screenOrientation="user"
192-->src\main\AndroidManifest.xml:178:13-45
193            android:theme="@style/BugleTheme.SettingsActivity" >
193-->src\main\AndroidManifest.xml:176:13-63
194            <intent-filter>
194-->src\main\AndroidManifest.xml:180:13-182:29
195                <action android:name="android.intent.action.MAIN" />
195-->src\main\AndroidManifest.xml:74:17-69
195-->src\main\AndroidManifest.xml:74:25-66
196            </intent-filter>
197        </activity>
198        <activity
198-->src\main\AndroidManifest.xml:185:9-195:20
199            android:name="com.android.messaging.md3.ui.appsettings.PerSubscriptionSettingsActivity"
199-->src\main\AndroidManifest.xml:186:13-75
200            android:configChanges="orientation|screenSize|keyboardHidden"
200-->src\main\AndroidManifest.xml:189:13-74
201            android:label="@string/advanced_settings_activity_title"
201-->src\main\AndroidManifest.xml:187:13-69
202            android:parentActivityName="com.android.messaging.md3.ui.appsettings.SettingsActivity"
202-->src\main\AndroidManifest.xml:191:13-74
203            android:screenOrientation="user"
203-->src\main\AndroidManifest.xml:190:13-45
204            android:theme="@style/BugleTheme.SettingsActivity" >
204-->src\main\AndroidManifest.xml:188:13-63
205            <meta-data
205-->src\main\AndroidManifest.xml:120:13-122:81
206                android:name="android.support.PARENT_ACTIVITY"
206-->src\main\AndroidManifest.xml:121:17-63
207                android:value=".ui.appsettings.SettingsActivity" />
207-->src\main\AndroidManifest.xml:122:17-78
208        </activity>
209        <activity
209-->src\main\AndroidManifest.xml:197:9-214:20
210            android:name="com.android.messaging.md3.ui.appsettings.ApplicationSettingsActivity"
210-->src\main\AndroidManifest.xml:198:13-71
211            android:configChanges="orientation|screenSize|keyboardHidden"
211-->src\main\AndroidManifest.xml:201:13-74
212            android:exported="true"
212-->src\main\AndroidManifest.xml:204:13-36
213            android:label="@string/general_settings_activity_title"
213-->src\main\AndroidManifest.xml:199:13-68
214            android:parentActivityName="com.android.messaging.md3.ui.appsettings.SettingsActivity"
214-->src\main\AndroidManifest.xml:203:13-74
215            android:screenOrientation="user"
215-->src\main\AndroidManifest.xml:202:13-45
216            android:theme="@style/BugleTheme.SettingsActivity" >
216-->src\main\AndroidManifest.xml:200:13-63
217            <meta-data
217-->src\main\AndroidManifest.xml:120:13-122:81
218                android:name="android.support.PARENT_ACTIVITY"
218-->src\main\AndroidManifest.xml:121:17-63
219                android:exported="true"
219-->src\main\AndroidManifest.xml:207:17-40
220                android:value=".ui.appsettings.SettingsActivity" />
220-->src\main\AndroidManifest.xml:122:17-78
221
222            <intent-filter>
222-->src\main\AndroidManifest.xml:209:13-213:29
223                <action android:name="android.intent.action.MAIN" />
223-->src\main\AndroidManifest.xml:74:17-69
223-->src\main\AndroidManifest.xml:74:25-66
224
225                <category android:name="android.intent.category.DEFAULT" />
225-->src\main\AndroidManifest.xml:76:17-76
225-->src\main\AndroidManifest.xml:76:27-73
226                <category android:name="android.intent.category.NOTIFICATION_PREFERENCES" />
226-->src\main\AndroidManifest.xml:212:17-93
226-->src\main\AndroidManifest.xml:212:27-90
227            </intent-filter>
228        </activity>
229
230        <!-- Handles sharing intent -->
231        <activity
231-->src\main\AndroidManifest.xml:217:9-239:20
232            android:name="com.android.messaging.md3.ui.conversationlist.ShareIntentActivity"
232-->src\main\AndroidManifest.xml:218:13-68
233            android:configChanges="orientation|screenSize|keyboardHidden"
233-->src\main\AndroidManifest.xml:219:13-74
234            android:documentLaunchMode="always"
234-->src\main\AndroidManifest.xml:224:13-48
235            android:excludeFromRecents="true"
235-->src\main\AndroidManifest.xml:222:13-46
236            android:exported="true"
236-->src\main\AndroidManifest.xml:223:13-36
237            android:screenOrientation="user"
237-->src\main\AndroidManifest.xml:220:13-45
238            android:theme="@style/BugleTheme.DialogActivity" >
238-->src\main\AndroidManifest.xml:221:13-61
239            <intent-filter android:label="@string/share_intent_label" >
239-->src\main\AndroidManifest.xml:225:13-238:29
239-->src\main\AndroidManifest.xml:226:17-59
240                <action android:name="android.intent.action.SEND" />
240-->src\main\AndroidManifest.xml:227:17-69
240-->src\main\AndroidManifest.xml:227:25-66
241                <action android:name="android.intent.action.SEND_MULTIPLE" />
241-->src\main\AndroidManifest.xml:228:17-78
241-->src\main\AndroidManifest.xml:228:25-75
242
243                <category android:name="android.intent.category.DEFAULT" />
243-->src\main\AndroidManifest.xml:76:17-76
243-->src\main\AndroidManifest.xml:76:27-73
244
245                <data android:mimeType="text/plain" />
245-->src\main\AndroidManifest.xml:105:17-46
245-->src\main\AndroidManifest.xml:230:23-52
246                <data android:mimeType="text/x-vCard" />
246-->src\main\AndroidManifest.xml:105:17-46
246-->src\main\AndroidManifest.xml:230:23-52
247                <data android:mimeType="text/x-vcard" />
247-->src\main\AndroidManifest.xml:105:17-46
247-->src\main\AndroidManifest.xml:230:23-52
248                <data android:mimeType="image/*" />
248-->src\main\AndroidManifest.xml:105:17-46
248-->src\main\AndroidManifest.xml:230:23-52
249                <data android:mimeType="audio/*" />
249-->src\main\AndroidManifest.xml:105:17-46
249-->src\main\AndroidManifest.xml:230:23-52
250                <data android:mimeType="video/*" />
250-->src\main\AndroidManifest.xml:105:17-46
250-->src\main\AndroidManifest.xml:230:23-52
251                <data android:mimeType="application/ogg" />
251-->src\main\AndroidManifest.xml:105:17-46
251-->src\main\AndroidManifest.xml:230:23-52
252            </intent-filter>
253        </activity>
254
255        <!-- People & Options -->
256        <activity
256-->src\main\AndroidManifest.xml:242:9-252:20
257            android:name="com.android.messaging.md3.ui.conversationsettings.PeopleAndOptionsActivity"
257-->src\main\AndroidManifest.xml:243:13-77
258            android:configChanges="orientation|screenSize|keyboardHidden"
258-->src\main\AndroidManifest.xml:244:13-74
259            android:label="@string/people_and_options_activity_title"
259-->src\main\AndroidManifest.xml:246:13-70
260            android:parentActivityName="com.android.messaging.md3.ui.conversation.ConversationActivity"
260-->src\main\AndroidManifest.xml:248:13-79
261            android:screenOrientation="user"
261-->src\main\AndroidManifest.xml:245:13-45
262            android:theme="@style/BugleTheme.SettingsActivity" >
262-->src\main\AndroidManifest.xml:247:13-63
263            <meta-data
263-->src\main\AndroidManifest.xml:120:13-122:81
264                android:name="android.support.PARENT_ACTIVITY"
264-->src\main\AndroidManifest.xml:121:17-63
265                android:value=".ui.conversation.ConversationActivity" />
265-->src\main\AndroidManifest.xml:122:17-78
266        </activity>
267
268        <!-- License -->
269        <activity
269-->src\main\AndroidManifest.xml:255:9-258:51
270            android:name="com.android.messaging.md3.ui.LicenseActivity"
270-->src\main\AndroidManifest.xml:255:19-53
271            android:exported="true"
271-->src\main\AndroidManifest.xml:256:13-36
272            android:label="@string/menu_license"
272-->src\main\AndroidManifest.xml:258:13-49
273            android:theme="@style/BugleTheme.SettingsActivity" />
273-->src\main\AndroidManifest.xml:257:13-63
274
275        <!-- Message Forwarding -->
276        <activity
276-->src\main\AndroidManifest.xml:261:9-267:20
277            android:name="com.android.messaging.md3.ui.conversationlist.ForwardMessageActivity"
277-->src\main\AndroidManifest.xml:262:13-71
278            android:configChanges="orientation|screenSize|keyboardHidden"
278-->src\main\AndroidManifest.xml:263:13-74
279            android:label="@string/forward_message_activity_title"
279-->src\main\AndroidManifest.xml:265:13-67
280            android:screenOrientation="user"
280-->src\main\AndroidManifest.xml:264:13-45
281            android:theme="@style/BugleTheme.DialogActivity" >
281-->src\main\AndroidManifest.xml:266:13-61
282        </activity>
283
284        <!--
285             Entry point for handling remote input/actions. Currently, this is only used by Android
286             Wear to send voice replies. Since that uses PendingIntents, we don't need to export
287             this activity. If we want other apps to be able to use this activity at will,
288             we'll need to guard it with a signature-matching protected permission. We would also
289             need to add an intent filter and remove the android:exported attribute.
290        -->
291        <activity
291-->src\main\AndroidManifest.xml:274:9-280:20
292            android:name="com.android.messaging.md3.ui.RemoteInputEntrypointActivity"
292-->src\main\AndroidManifest.xml:275:13-61
293            android:configChanges="orientation|screenSize|keyboardHidden"
293-->src\main\AndroidManifest.xml:276:13-74
294            android:exported="false"
294-->src\main\AndroidManifest.xml:278:13-37
295            android:screenOrientation="user"
295-->src\main\AndroidManifest.xml:277:13-45
296            android:theme="@style/Invisible" >
296-->src\main\AndroidManifest.xml:279:13-45
297        </activity>
298
299        <!-- VCard details -->
300        <activity
300-->src\main\AndroidManifest.xml:283:9-292:20
301            android:name="com.android.messaging.md3.ui.VCardDetailActivity"
301-->src\main\AndroidManifest.xml:284:13-51
302            android:configChanges="orientation|screenSize|keyboardHidden"
302-->src\main\AndroidManifest.xml:285:13-74
303            android:label="@string/vcard_detail_activity_title"
303-->src\main\AndroidManifest.xml:287:13-64
304            android:screenOrientation="user"
304-->src\main\AndroidManifest.xml:286:13-45
305            android:theme="@style/BugleTheme" >
305-->src\main\AndroidManifest.xml:288:13-46
306            <meta-data
306-->src\main\AndroidManifest.xml:120:13-122:81
307                android:name="android.support.PARENT_ACTIVITY"
307-->src\main\AndroidManifest.xml:121:17-63
308                android:value=".ui.conversation.ConversationActivity" />
308-->src\main\AndroidManifest.xml:122:17-78
309        </activity>
310
311        <!-- Attachment chooser -->
312        <activity
312-->src\main\AndroidManifest.xml:295:9-305:20
313            android:name="com.android.messaging.md3.ui.attachmentchooser.AttachmentChooserActivity"
313-->src\main\AndroidManifest.xml:296:13-75
314            android:configChanges="orientation|screenSize|keyboardHidden"
314-->src\main\AndroidManifest.xml:297:13-74
315            android:label="@string/attachment_chooser_activity_title"
315-->src\main\AndroidManifest.xml:299:13-70
316            android:parentActivityName="com.android.messaging.md3.ui.conversation.ConversationActivity"
316-->src\main\AndroidManifest.xml:301:13-79
317            android:screenOrientation="user"
317-->src\main\AndroidManifest.xml:298:13-45
318            android:theme="@style/BugleTheme" >
318-->src\main\AndroidManifest.xml:300:13-46
319            <meta-data
319-->src\main\AndroidManifest.xml:120:13-122:81
320                android:name="android.support.PARENT_ACTIVITY"
320-->src\main\AndroidManifest.xml:121:17-63
321                android:value=".ui.conversation.ConversationActivity" />
321-->src\main\AndroidManifest.xml:122:17-78
322        </activity>
323
324        <!--
325             Test activity that we use to host fragments/views. Unfortunately, apparently necessary
326             because Android framework test cases want activity to be in the instrumented package.
327             See http://developer.android.com/reference/android/test/ActivityInstrumentationTestCase2.html
328        -->
329        <activity
329-->src\main\AndroidManifest.xml:311:9-314:20
330            android:name="com.android.messaging.md3.ui.TestActivity"
330-->src\main\AndroidManifest.xml:312:13-44
331            android:configChanges="orientation|screenSize|keyboardHidden" >
331-->src\main\AndroidManifest.xml:313:13-74
332        </activity>
333        <activity